2019-05-18 22:19:52
艾火内容为空，请检查异常原因。

2019-05-18 22:19:52
桑柴火内容为空，请检查异常原因。

2019-05-18 22:19:52
浸蓝水内容为空，请检查异常原因。

2019-05-18 22:19:52
磨刀水内容为空，请检查异常原因。

2019-05-18 22:19:52
铜壶滴漏水内容为空，请检查异常原因。

2019-05-18 22:19:52
菰爬取异常，请检查错误原因。

2019-05-18 22:19:53
自然谷内容为空，请检查异常原因。

2019-05-18 22:19:53
守气内容为空，请检查异常原因。

2019-05-18 22:19:54
狮内容为空，请检查异常原因。

2019-05-18 22:19:57
鱼子内容为空，请检查异常原因。

2019-05-18 22:20:05
藤类（12种）内容为空，请检查异常原因。

2019-05-18 22:20:10
雷墨内容为空，请检查异常原因。

2019-05-18 22:20:10
石鳖内容为空，请检查异常原因。

2019-05-18 22:20:10
蜜栗子内容为空，请检查异常原因。

2019-05-18 22:20:13
烧尸场上土内容为空，请检查异常原因。

2019-05-18 22:20:13
千步峰内容为空，请检查异常原因。

2019-05-18 22:20:13
太阳土内容为空，请检查异常原因。

2019-05-18 22:20:13
白鳝泥内容为空，请检查异常原因。

2019-05-18 22:20:13
犬尿泥内容为空，请检查异常原因。

2019-05-18 22:20:13
尿坑泥内容为空，请检查异常原因。

2019-05-18 22:20:13
粪坑底泥内容为空，请检查异常原因。

2019-05-18 22:20:13
檐溜下泥内容为空，请检查异常原因。

2019-05-18 22:20:13
田中泥内容为空，请检查异常原因。

2019-05-18 22:20:13
甘锅内容为空，请检查异常原因。

2019-05-18 22:20:13
砂锅内容为空，请检查异常原因。

2019-05-18 22:20:13
门臼尘内容为空，请检查异常原因。

2019-05-18 22:20:13
香炉灰内容为空，请检查异常原因。

2019-05-18 22:20:13
古砖内容为空，请检查异常原因。

2019-05-18 22:20:13
白蚁泥内容为空，请检查异常原因。

2019-05-18 22:20:14
夏冰爬取异常，请检查错误原因。

2019-05-18 22:24:04
桑柴火内容为空，请检查异常原因。

2019-05-18 22:24:04
艾火内容为空，请检查异常原因。

2019-05-18 22:24:04
浸蓝水内容为空，请检查异常原因。

2019-05-18 22:24:04
磨刀水内容为空，请检查异常原因。

2019-05-18 22:24:04
铜壶滴漏水内容为空，请检查异常原因。

2019-05-18 22:24:05
鱼子内容为空，请检查异常原因。

2019-05-18 22:24:06
狮内容为空，请检查异常原因。

2019-05-18 22:24:12
自然谷内容为空，请检查异常原因。

2019-05-18 22:24:12
守气内容为空，请检查异常原因。

2019-05-18 22:24:14
菰爬取异常，请检查错误原因。

2019-05-18 22:24:14
藤类（12种）内容为空，请检查异常原因。

2019-05-18 22:24:20
雷墨内容为空，请检查异常原因。

2019-05-18 22:24:20
石鳖内容为空，请检查异常原因。

2019-05-18 22:24:20
蜜栗子内容为空，请检查异常原因。

2019-05-18 22:24:22
烧尸场上土内容为空，请检查异常原因。

2019-05-18 22:24:22
千步峰内容为空，请检查异常原因。

2019-05-18 22:24:22
太阳土内容为空，请检查异常原因。

2019-05-18 22:24:22
白鳝泥内容为空，请检查异常原因。

2019-05-18 22:24:22
犬尿泥内容为空，请检查异常原因。

2019-05-18 22:24:22
尿坑泥内容为空，请检查异常原因。

2019-05-18 22:24:22
粪坑底泥内容为空，请检查异常原因。

2019-05-18 22:24:22
檐溜下泥内容为空，请检查异常原因。

2019-05-18 22:24:22
田中泥内容为空，请检查异常原因。

2019-05-18 22:24:22
甘锅内容为空，请检查异常原因。

2019-05-18 22:24:22
砂锅内容为空，请检查异常原因。

2019-05-18 22:24:22
门臼尘内容为空，请检查异常原因。

2019-05-18 22:24:22
香炉灰内容为空，请检查异常原因。

2019-05-18 22:24:22
古砖内容为空，请检查异常原因。

2019-05-18 22:24:23
白蚁泥内容为空，请检查异常原因。

2019-05-18 22:24:23
夏冰爬取异常，请检查错误原因。

